/*C2*/SET SCHEMA PUBLIC
DELETE FROM "mendixsystem$version" WHERE "versionnumber"='4.2'
INSERT INTO "mendixsystem$version" VALUES('4.2','2021-11-22 09:42:53.289000','4.1.0','unversioned','RapidLease','9.3.0.22930')
COMMIT
/*C3*/SET SCHEMA PUBLIC
DELETE FROM "mendixsystem$entityidentifier" WHERE "id"='d4154981-8dac-4150-aec5-efa3ef62a7a2'
INSERT INTO "mendixsystem$entityidentifier" VALUES('d4154981-8dac-4150-aec5-efa3ef62a7a2',3,11001)
COMMIT
INSERT INTO "system$xasinstance" VALUES(844424930142869,'823a6e91-42d2-4ef9-a283-3180cafa6b69','2021-11-22 04:18:47.938000','2021-11-22 04:18:47.952000',NULL,NULL,NULL)
COMMIT
DELETE FROM "system$userrole" WHERE "id"=26740122787512325
INSERT INTO "system$userrole" VALUES(26740122787512325,'80c411d3-12d1-4267-ad4c-57724881b7b2','','Vendor')
DELETE FROM "system$userrole" WHERE "id"=26740122787512322
INSERT INTO "system$userrole" VALUES(26740122787512322,'8dd52bfa-6d7e-453b-b506-303c0a3d9567','','Administrator')
DELETE FROM "system$userrole" WHERE "id"=26740122787512521
INSERT INTO "system$userrole" VALUES(26740122787512521,'643e95b2-000c-481c-a60d-f5a70f1802ad','','LeasingAgent')
DELETE FROM "system$userrole" WHERE "id"=26740122787512326
INSERT INTO "system$userrole" VALUES(26740122787512326,'65759cb9-70b1-42d4-984d-41a2edbab391','','RentalOwner')
DELETE FROM "system$userrole" WHERE "id"=26740122787512321
INSERT INTO "system$userrole" VALUES(26740122787512321,'36b17a04-6cc5-45a9-8254-952c14c08687','','Tenant')
DELETE FROM "system$userrole" WHERE "id"=26740122787512324
INSERT INTO "system$userrole" VALUES(26740122787512324,'99ba5299-9678-40b4-aa63-b69d1f0ee39a','','PropertyManager')
DELETE FROM "system$userrole" WHERE "id"=26740122787512323
INSERT INTO "system$userrole" VALUES(26740122787512323,'53f5d6fa-6da9-4a71-b011-454ec052cce8','','User')
DELETE FROM "system$userrole" WHERE "id"=26740122787512421
INSERT INTO "system$userrole" VALUES(26740122787512421,'8cd36167-9de8-43bc-9cd2-be56f9f38139','','Manager')
COMMIT
/*C4*/SET SCHEMA PUBLIC
DELETE FROM "system$user" WHERE "id"=27584547717644289
INSERT INTO "system$user" VALUES(27584547717644289,'2021-09-28 04:25:02.096000',TRUE,'2021-09-28 04:25:02.096000',NULL,FALSE,FALSE,0,FALSE,'demo_administrator','{BCrypt}$2a$10$fv39rr5mQ0.NKxKbroGsSe64J9tHaeMhCSpcL2kP2K31TuZi18l.e','Administration.Account',NULL,27584547717644289)
COMMIT
/*C2*/DELETE FROM "system$user" WHERE "id"=27584547717644290
INSERT INTO "system$user" VALUES(27584547717644290,'2021-09-28 04:25:02.217000',TRUE,'2021-09-28 04:25:02.217000',NULL,FALSE,FALSE,0,FALSE,'demo_user','{BCrypt}$2a$10$n.BMdq3pQTRzimlXiYWWsOSc1Isl24LWmSKZb2Dl7uGErDHepgfW6','Administration.Account',NULL,27584547717644290)
COMMIT
DELETE FROM "mendixsystem$properties" WHERE "key"='Mendix.Runtime.DeploymentID'
INSERT INTO "mendixsystem$properties" VALUES('Mendix.Runtime.DeploymentID','637731712747050187')
COMMIT
DELETE FROM "system$session" WHERE "id"=22236523160152225
DELETE FROM "system$session_user" WHERE "system$sessionid"=22236523160152225 AND "system$userid"=562949953427013
COMMIT
/*C8*/SET SCHEMA PUBLIC
DELETE FROM "system$user" WHERE "id"=562949953421313
INSERT INTO "system$user" VALUES(562949953421313,'2021-09-28 04:25:02.738000',TRUE,'2021-09-28 04:25:02.738000','2021-11-16 05:38:18.866000',FALSE,FALSE,0,FALSE,'MxAdmin','{BCrypt}$2a$10$4e4lO3UtFTEccNQi/Qbh9.aWkjH.TwDTT8qDrTy0rgKuvY4bItcWC','System.User',NULL,562949953421313)
COMMIT
DELETE FROM "system$xasinstance" WHERE "id"=844424930142869
INSERT INTO "system$xasinstance" VALUES(844424930142869,'823a6e91-42d2-4ef9-a283-3180cafa6b69','2021-11-22 04:18:47.938000','2021-11-22 04:18:53.529000',NULL,NULL,NULL)
COMMIT
/*C2*/DELETE FROM "mendixsystem$entityidentifier" WHERE "id"='282e2e60-88a5-469d-84a5-ba8d9151644f'
INSERT INTO "mendixsystem$entityidentifier" VALUES('282e2e60-88a5-469d-84a5-ba8d9151644f',2,5901)
COMMIT
INSERT INTO "system$user" VALUES(562949953427113,'2021-11-22 04:18:56.330000',TRUE,'2021-11-22 04:18:56.330000','2021-11-22 04:18:56.643000',FALSE,TRUE,0,FALSE,'Anonymous_fa16b6c2-62a0-46be-8ec8-3512de53f712','{BCrypt}$2a$10$5pQrWPD0YB0VIMOQ/ClhEuHNXEtcCm5q0wdoaAH.UqQoOuSMjznfK','System.User',NULL,562949953427113)
INSERT INTO "system$userroles" VALUES(562949953427113,26740122787512323)
INSERT INTO "system$user_language" VALUES(562949953427113,30962247438172161)
COMMIT
DELETE FROM "system$user" WHERE "id"=562949953427113
INSERT INTO "system$user" VALUES(562949953427113,'2021-11-22 04:18:56.330000',TRUE,'2021-11-22 04:18:56.330000','2021-11-22 04:18:56.769000',FALSE,TRUE,0,FALSE,'Anonymous_fa16b6c2-62a0-46be-8ec8-3512de53f712','{BCrypt}$2a$10$5pQrWPD0YB0VIMOQ/ClhEuHNXEtcCm5q0wdoaAH.UqQoOuSMjznfK','System.User',NULL,562949953427113)
COMMIT
DELETE FROM "mendixsystem$entityidentifier" WHERE "id"='37f9fd49-5318-4c63-9a51-f761779b202f'
INSERT INTO "mendixsystem$entityidentifier" VALUES('37f9fd49-5318-4c63-9a51-f761779b202f',79,10601)
COMMIT
INSERT INTO "system$session" VALUES(22236523160152325,NULL,'f18c8514-e6e7-4378-a1de-8d437530cbbf','2021-11-22 04:18:56.912000','99f1e28c-9a8e-46d9-9bad-c9da2f55447e','2021-11-22 04:18:56.912000',FALSE,'376dbafc-c757-4aa0-b946-f412aec218d6')
INSERT INTO "system$session_user" VALUES(22236523160152325,562949953427113)
COMMIT
DELETE FROM "system$session" WHERE "id"=22236523160152325
INSERT INTO "system$session" VALUES(22236523160152325,NULL,'f18c8514-e6e7-4378-a1de-8d437530cbbf','2021-11-22 04:18:56.912000','99f1e28c-9a8e-46d9-9bad-c9da2f55447e','2021-11-22 04:18:56.929000',FALSE,'376dbafc-c757-4aa0-b946-f412aec218d6')
COMMIT
/*C5*/SET SCHEMA PUBLIC
DELETE FROM "system$session" WHERE "id"=22236523160152325
INSERT INTO "system$session" VALUES(22236523160152325,NULL,'f18c8514-e6e7-4378-a1de-8d437530cbbf','2021-11-22 04:18:56.912000','99f1e28c-9a8e-46d9-9bad-c9da2f55447e','2021-11-22 04:18:59.105000',FALSE,'376dbafc-c757-4aa0-b946-f412aec218d6')
COMMIT
/*C7*/SET SCHEMA PUBLIC
DELETE FROM "system$xasinstance" WHERE "id"=844424930142869
INSERT INTO "system$xasinstance" VALUES(844424930142869,'823a6e91-42d2-4ef9-a283-3180cafa6b69','2021-11-22 04:18:47.938000','2021-11-22 04:23:53.620000',NULL,NULL,NULL)
COMMIT
DELETE FROM "system$session" WHERE "id"=22236523160152325
INSERT INTO "system$session" VALUES(22236523160152325,NULL,'f18c8514-e6e7-4378-a1de-8d437530cbbf','2021-11-22 04:18:56.912000','99f1e28c-9a8e-46d9-9bad-c9da2f55447e','2021-11-22 04:23:58.764000',FALSE,'376dbafc-c757-4aa0-b946-f412aec218d6')
COMMIT
/*C2*/DISCONNECT
/*C6*/SET SCHEMA PUBLIC
DELETE FROM "system$xasinstance" WHERE "id"=844424930142869
INSERT INTO "system$xasinstance" VALUES(844424930142869,'823a6e91-42d2-4ef9-a283-3180cafa6b69','2021-11-22 04:18:47.938000','2021-11-22 04:28:53.647000',NULL,NULL,NULL)
COMMIT
/*C7*/DELETE FROM "system$session" WHERE "id"=22236523160152325
INSERT INTO "system$session" VALUES(22236523160152325,NULL,'f18c8514-e6e7-4378-a1de-8d437530cbbf','2021-11-22 04:18:56.912000','99f1e28c-9a8e-46d9-9bad-c9da2f55447e','2021-11-22 04:28:58.578000',FALSE,'376dbafc-c757-4aa0-b946-f412aec218d6')
COMMIT
/*C9*/SET SCHEMA PUBLIC
DISCONNECT
/*C3*/DISCONNECT
/*C5*/DELETE FROM "system$xasinstance" WHERE "id"=844424930142869
INSERT INTO "system$xasinstance" VALUES(844424930142869,'823a6e91-42d2-4ef9-a283-3180cafa6b69','2021-11-22 04:18:47.938000','2021-11-22 04:33:53.670000',NULL,NULL,NULL)
COMMIT
/*C6*/DELETE FROM "system$session" WHERE "id"=22236523160152325
INSERT INTO "system$session" VALUES(22236523160152325,NULL,'f18c8514-e6e7-4378-a1de-8d437530cbbf','2021-11-22 04:18:56.912000','99f1e28c-9a8e-46d9-9bad-c9da2f55447e','2021-11-22 04:33:58.582000',FALSE,'376dbafc-c757-4aa0-b946-f412aec218d6')
COMMIT
/*C8*/DISCONNECT
/*C4*/DISCONNECT
/*C5*/DELETE FROM "system$xasinstance" WHERE "id"=844424930142869
INSERT INTO "system$xasinstance" VALUES(844424930142869,'823a6e91-42d2-4ef9-a283-3180cafa6b69','2021-11-22 04:18:47.938000','2021-11-22 04:38:53.692000',NULL,NULL,NULL)
COMMIT
/*C6*/DELETE FROM "system$session" WHERE "id"=22236523160152325
INSERT INTO "system$session" VALUES(22236523160152325,NULL,'f18c8514-e6e7-4378-a1de-8d437530cbbf','2021-11-22 04:18:56.912000','99f1e28c-9a8e-46d9-9bad-c9da2f55447e','2021-11-22 04:38:58.578000',FALSE,'376dbafc-c757-4aa0-b946-f412aec218d6')
COMMIT
/*C7*/DELETE FROM "mendixsystem$entityidentifier" WHERE "id"='5344c27a-c812-45fe-b8b0-846ebb617f2b'
INSERT INTO "mendixsystem$entityidentifier" VALUES('5344c27a-c812-45fe-b8b0-846ebb617f2b',126,8101)
COMMIT
/*C5*/DELETE FROM "system$user" WHERE "id"=27584547717644291
INSERT INTO "system$user" VALUES(27584547717644291,'2021-11-08 06:18:22.398000',TRUE,'2021-09-28 04:27:44.663000','2021-11-22 04:43:15.300000',FALSE,FALSE,0,FALSE,'pm','{BCrypt}$2a$10$TKCt/42m17Dbj08Rbg1Kz.gWR9An9hoKLGrocAcsInls.qbHCMzBu','Administration.Account',562949953421313,27584547717644291)
COMMIT
DELETE FROM "system$session" WHERE "id"=22236523160152325
INSERT INTO "system$session" VALUES(22236523160152325,NULL,'f18c8514-e6e7-4378-a1de-8d437530cbbf','2021-11-22 04:18:56.912000','99f1e28c-9a8e-46d9-9bad-c9da2f55447e','2021-11-22 04:43:13.131000',FALSE,'376dbafc-c757-4aa0-b946-f412aec218d6')
DELETE FROM "system$session_user" WHERE "system$sessionid"=22236523160152325 AND "system$userid"=562949953427113
INSERT INTO "system$session_user" VALUES(22236523160152325,27584547717644291)
COMMIT
/*C6*/DELETE FROM "system$user" WHERE "id"=562949953427113
DELETE FROM "system$userroles" WHERE "system$userid"=562949953427113 AND "system$userroleid"=26740122787512323
DELETE FROM "system$user_language" WHERE "system$userid"=562949953427113 AND "system$languageid"=30962247438172161
COMMIT
DELETE FROM "system$session" WHERE "id"=22236523160152325
INSERT INTO "system$session" VALUES(22236523160152325,NULL,'f18c8514-e6e7-4378-a1de-8d437530cbbf','2021-11-22 04:18:56.912000','99f1e28c-9a8e-46d9-9bad-c9da2f55447e','2021-11-22 04:43:13.131000',FALSE,'9c540ce6-cd73-4406-a4a1-2d5a0225950b')
COMMIT
DELETE FROM "system$session" WHERE "id"=22236523160152325
INSERT INTO "system$session" VALUES(22236523160152325,NULL,'f18c8514-e6e7-4378-a1de-8d437530cbbf','2021-11-22 04:18:56.912000','99f1e28c-9a8e-46d9-9bad-c9da2f55447e','2021-11-22 04:43:16.254000',FALSE,'9c540ce6-cd73-4406-a4a1-2d5a0225950b')
COMMIT
/*C12*/SET SCHEMA PUBLIC
DELETE FROM "mendixsystem$entityidentifier" WHERE "id"='0e826f53-f209-4dce-a227-d388a7d86f0b'
INSERT INTO "mendixsystem$entityidentifier" VALUES('0e826f53-f209-4dce-a227-d388a7d86f0b',137,6901)
COMMIT
/*C21*/SET SCHEMA PUBLIC
DELETE FROM "mendixsystem$entityidentifier" WHERE "id"='3d31557a-0878-49d5-9c1c-a4f973f7e012'
INSERT INTO "mendixsystem$entityidentifier" VALUES('3d31557a-0878-49d5-9c1c-a4f973f7e012',216,3501)
COMMIT
ALTER SEQUENCE PUBLIC."financials$generalledger_tx_no_int_mxseq" RESTART WITH 637
/*C6*/ALTER SEQUENCE PUBLIC."financials$generalledger_tx_no_int_mxseq" RESTART WITH 638
DELETE FROM "mendixsystem$entityidentifier" WHERE "id"='a6901229-6883-4490-9f34-5d03b78e0d30'
INSERT INTO "mendixsystem$entityidentifier" VALUES('a6901229-6883-4490-9f34-5d03b78e0d30',236,201)
COMMIT
/*C17*/SET SCHEMA PUBLIC
DELETE FROM "mendixsystem$entityidentifier" WHERE "id"='67c28960-7a7a-11e6-bdf4-0800200c9a66'
INSERT INTO "mendixsystem$entityidentifier" VALUES('67c28960-7a7a-11e6-bdf4-0800200c9a66',81,5801)
COMMIT
/*C6*/INSERT INTO "financials$credits_debits" VALUES(66428094503714917,0.00000000,0.00000000,NULL,NULL)
INSERT INTO "financials$credits_debits_generalledger" VALUES(66428094503714917,60798594969505098)
INSERT INTO "financials$generalledger" VALUES(60798594969505098,NULL,0,NULL,0.00000000,0.00000000,NULL,NULL,NULL,0.00000000,NULL,NULL,NULL,NULL,NULL,NULL,NULL,FALSE,NULL,FALSE,0.00000000,637,0.00000000,0.00000000)
INSERT INTO "system$autocommitentry" VALUES(22799473113568837,'2021-11-22 04:43:26.242000',60798594969505098,'9c540ce6-cd73-4406-a4a1-2d5a0225950b')
COMMIT
/*C18*/SET SCHEMA PUBLIC
DELETE FROM "system$session" WHERE "id"=22236523160152325
INSERT INTO "system$session" VALUES(22236523160152325,NULL,'f18c8514-e6e7-4378-a1de-8d437530cbbf','2021-11-22 04:18:56.912000','99f1e28c-9a8e-46d9-9bad-c9da2f55447e','2021-11-22 04:43:48.646000',FALSE,'9c540ce6-cd73-4406-a4a1-2d5a0225950b')
COMMIT
DELETE FROM "system$xasinstance" WHERE "id"=844424930142869
INSERT INTO "system$xasinstance" VALUES(844424930142869,'823a6e91-42d2-4ef9-a283-3180cafa6b69','2021-11-22 04:18:47.938000','2021-11-22 04:43:53.707000',NULL,NULL,NULL)
COMMIT
/*C24*/SET SCHEMA PUBLIC
DELETE FROM "financials$generalledger" WHERE "id"=60798594969505098
DELETE FROM "financials$credits_debits_generalledger" WHERE "financials$credits_debitsid"=66428094503714917 AND "financials$generalledgerid"=60798594969505098
COMMIT
ALTER SEQUENCE PUBLIC."financials$generalledger_tx_no_int_mxseq" RESTART WITH 639
/*C15*/SET SCHEMA PUBLIC
ALTER SEQUENCE PUBLIC."financials$generalledger_tx_no_int_mxseq" RESTART WITH 641
DELETE FROM "mendixsystem$entityidentifier" WHERE "id"='cab68d22-9932-4de5-9049-8f27ae569288'
INSERT INTO "mendixsystem$entityidentifier" VALUES('cab68d22-9932-4de5-9049-8f27ae569288',226,2501)
COMMIT
/*C14*/SET SCHEMA PUBLIC
INSERT INTO "financials$generalledger" VALUES(60798594969505101,'Charge',0,NULL,0.00000000,0.00000000,NULL,NULL,NULL,0.00000000,NULL,NULL,NULL,NULL,'Accural',NULL,NULL,FALSE,NULL,FALSE,0.00000000,640,0.00000000,0.00000000)
INSERT INTO "financials$generalledger_property" VALUES(60798594969505101,6192449487635933)
INSERT INTO "financials$generalledger_lease" VALUES(60798594969505101,14636698788957218)
INSERT INTO "financials$generalledger_generalledger" VALUES(60798594969505101,60798594969505100)
INSERT INTO "system$autocommitentry" VALUES(22799473113568838,'2021-11-22 04:44:29.426000',60798594969505100,'9c540ce6-cd73-4406-a4a1-2d5a0225950b')
INSERT INTO "financials$generalledger" VALUES(60798594969505100,'Charge',0,NULL,0.00000000,0.00000000,NULL,NULL,NULL,0.00000000,NULL,NULL,NULL,NULL,NULL,NULL,NULL,FALSE,NULL,TRUE,0.00000000,639,0.00000000,0.00000000)
INSERT INTO "financials$generalledger_lease" VALUES(60798594969505100,14636698788957218)
INSERT INTO "financials$generalledger_property" VALUES(60798594969505100,6192449487635933)
COMMIT
/*C12*/ALTER SEQUENCE PUBLIC."system$filedocument_fileid_mxseq" RESTART WITH 314
/*C13*/SET SCHEMA PUBLIC
DELETE FROM "mendixsystem$entityidentifier" WHERE "id"='77c75c72-e1de-4d84-aa56-44bc842fe1e7'
INSERT INTO "mendixsystem$entityidentifier" VALUES('77c75c72-e1de-4d84-aa56-44bc842fe1e7',134,2701)
COMMIT
/*C11*/SET SCHEMA PUBLIC
DELETE FROM "financials$generalledger" WHERE "id"=60798594969505101
DELETE FROM "financials$generalledger_property" WHERE "financials$generalledgerid"=60798594969505101 AND "rapidlease$propertyid"=6192449487635933
DELETE FROM "financials$generalledger_lease" WHERE "financials$generalledgerid"=60798594969505101 AND "rapidlease$leaseid"=14636698788957218
DELETE FROM "financials$generalledger_generalledger" WHERE "financials$generalledgerid1"=60798594969505101 AND "financials$generalledgerid2"=60798594969505100
DELETE FROM "financials$generalledger" WHERE "id"=60798594969505100
DELETE FROM "financials$generalledger_property" WHERE "financials$generalledgerid"=60798594969505100 AND "rapidlease$propertyid"=6192449487635933
DELETE FROM "financials$generalledger_lease" WHERE "financials$generalledgerid"=60798594969505100 AND "rapidlease$leaseid"=14636698788957218
COMMIT
/*C27*/SET SCHEMA PUBLIC
ALTER SEQUENCE PUBLIC."financials$generalledger_tx_no_int_mxseq" RESTART WITH 642
/*C6*/ALTER SEQUENCE PUBLIC."financials$generalledger_tx_no_int_mxseq" RESTART WITH 643
INSERT INTO "financials$credits_debits" VALUES(66428094503714918,0.00000000,0.00000000,NULL,NULL)
INSERT INTO "financials$credits_debits_generalledger" VALUES(66428094503714918,60798594969505103)
INSERT INTO "financials$generalledger" VALUES(60798594969505103,NULL,0,NULL,0.00000000,0.00000000,NULL,NULL,NULL,0.00000000,NULL,NULL,NULL,NULL,NULL,NULL,NULL,FALSE,NULL,FALSE,0.00000000,642,0.00000000,0.00000000)
INSERT INTO "system$autocommitentry" VALUES(22799473113568839,'2021-11-22 04:44:47.706000',60798594969505103,'9c540ce6-cd73-4406-a4a1-2d5a0225950b')
COMMIT
/*C29*/SET SCHEMA PUBLIC
DELETE FROM "system$session" WHERE "id"=22236523160152325
INSERT INTO "system$session" VALUES(22236523160152325,NULL,'f18c8514-e6e7-4378-a1de-8d437530cbbf','2021-11-22 04:18:56.912000','99f1e28c-9a8e-46d9-9bad-c9da2f55447e','2021-11-22 04:45:18.625000',FALSE,'9c540ce6-cd73-4406-a4a1-2d5a0225950b')
COMMIT
/*C18*/DELETE FROM "system$session" WHERE "id"=22236523160152325
INSERT INTO "system$session" VALUES(22236523160152325,NULL,'f18c8514-e6e7-4378-a1de-8d437530cbbf','2021-11-22 04:18:56.912000','99f1e28c-9a8e-46d9-9bad-c9da2f55447e','2021-11-22 04:46:49.335000',FALSE,'9c540ce6-cd73-4406-a4a1-2d5a0225950b')
COMMIT
/*C27*/DELETE FROM "system$session" WHERE "id"=22236523160152325
INSERT INTO "system$session" VALUES(22236523160152325,NULL,'f18c8514-e6e7-4378-a1de-8d437530cbbf','2021-11-22 04:18:56.912000','99f1e28c-9a8e-46d9-9bad-c9da2f55447e','2021-11-22 04:48:19.377000',FALSE,'9c540ce6-cd73-4406-a4a1-2d5a0225950b')
COMMIT
/*C29*/DELETE FROM "system$xasinstance" WHERE "id"=844424930142869
INSERT INTO "system$xasinstance" VALUES(844424930142869,'823a6e91-42d2-4ef9-a283-3180cafa6b69','2021-11-22 04:18:47.938000','2021-11-22 04:48:53.727000',NULL,NULL,NULL)
COMMIT
/*C7*/DELETE FROM "system$session" WHERE "id"=22236523160152325
INSERT INTO "system$session" VALUES(22236523160152325,NULL,'f18c8514-e6e7-4378-a1de-8d437530cbbf','2021-11-22 04:18:56.912000','99f1e28c-9a8e-46d9-9bad-c9da2f55447e','2021-11-22 04:50:19.453000',FALSE,'9c540ce6-cd73-4406-a4a1-2d5a0225950b')
COMMIT
/*C28*/SET SCHEMA PUBLIC
ALTER SEQUENCE PUBLIC."financials$generalledger_tx_no_int_mxseq" RESTART WITH 644
/*C24*/DELETE FROM "system$session" WHERE "id"=22236523160152325
INSERT INTO "system$session" VALUES(22236523160152325,NULL,'f18c8514-e6e7-4378-a1de-8d437530cbbf','2021-11-22 04:18:56.912000','99f1e28c-9a8e-46d9-9bad-c9da2f55447e','2021-11-22 04:51:48.605000',FALSE,'9c540ce6-cd73-4406-a4a1-2d5a0225950b')
COMMIT
/*C5*/DISCONNECT
/*C22*/SET SCHEMA PUBLIC
DISCONNECT
/*C23*/SET SCHEMA PUBLIC
DISCONNECT
/*C17*/DISCONNECT
/*C16*/SET SCHEMA PUBLIC
DISCONNECT
/*C20*/SET SCHEMA PUBLIC
DISCONNECT
/*C25*/SET SCHEMA PUBLIC
DELETE FROM "system$session" WHERE "id"=22236523160152325
INSERT INTO "system$session" VALUES(22236523160152325,NULL,'f18c8514-e6e7-4378-a1de-8d437530cbbf','2021-11-22 04:18:56.912000','99f1e28c-9a8e-46d9-9bad-c9da2f55447e','2021-11-22 04:53:18.630000',FALSE,'9c540ce6-cd73-4406-a4a1-2d5a0225950b')
COMMIT
/*C31*/SET SCHEMA PUBLIC
DELETE FROM "system$xasinstance" WHERE "id"=844424930142869
INSERT INTO "system$xasinstance" VALUES(844424930142869,'823a6e91-42d2-4ef9-a283-3180cafa6b69','2021-11-22 04:18:47.938000','2021-11-22 04:53:53.741000',NULL,NULL,NULL)
COMMIT
/*C26*/SET SCHEMA PUBLIC
DELETE FROM "system$session" WHERE "id"=22236523160152325
INSERT INTO "system$session" VALUES(22236523160152325,NULL,'f18c8514-e6e7-4378-a1de-8d437530cbbf','2021-11-22 04:18:56.912000','99f1e28c-9a8e-46d9-9bad-c9da2f55447e','2021-11-22 04:55:18.616000',FALSE,'9c540ce6-cd73-4406-a4a1-2d5a0225950b')
COMMIT
/*C12*/DELETE FROM "system$session" WHERE "id"=22236523160152325
INSERT INTO "system$session" VALUES(22236523160152325,NULL,'f18c8514-e6e7-4378-a1de-8d437530cbbf','2021-11-22 04:18:56.912000','99f1e28c-9a8e-46d9-9bad-c9da2f55447e','2021-11-22 04:56:49.370000',FALSE,'9c540ce6-cd73-4406-a4a1-2d5a0225950b')
COMMIT
/*C11*/DISCONNECT
/*C29*/DISCONNECT
/*C18*/DISCONNECT
/*C21*/DISCONNECT
/*C13*/DISCONNECT
/*C27*/DISCONNECT
/*C19*/SET SCHEMA PUBLIC
DISCONNECT
/*C28*/DELETE FROM "system$session" WHERE "id"=22236523160152325
INSERT INTO "system$session" VALUES(22236523160152325,NULL,'f18c8514-e6e7-4378-a1de-8d437530cbbf','2021-11-22 04:18:56.912000','99f1e28c-9a8e-46d9-9bad-c9da2f55447e','2021-11-22 04:58:19.330000',FALSE,'9c540ce6-cd73-4406-a4a1-2d5a0225950b')
COMMIT
/*C7*/DELETE FROM "system$xasinstance" WHERE "id"=844424930142869
INSERT INTO "system$xasinstance" VALUES(844424930142869,'823a6e91-42d2-4ef9-a283-3180cafa6b69','2021-11-22 04:18:47.938000','2021-11-22 04:58:53.751000',NULL,NULL,NULL)
COMMIT
/*C15*/DELETE FROM "system$session" WHERE "id"=22236523160152325
INSERT INTO "system$session" VALUES(22236523160152325,NULL,'f18c8514-e6e7-4378-a1de-8d437530cbbf','2021-11-22 04:18:56.912000','99f1e28c-9a8e-46d9-9bad-c9da2f55447e','2021-11-22 05:00:19.368000',FALSE,'9c540ce6-cd73-4406-a4a1-2d5a0225950b')
COMMIT
DELETE FROM "system$session" WHERE "id"=22236523160152325
INSERT INTO "system$session" VALUES(22236523160152325,NULL,'f18c8514-e6e7-4378-a1de-8d437530cbbf','2021-11-22 04:18:56.912000','99f1e28c-9a8e-46d9-9bad-c9da2f55447e','2021-11-22 05:02:12.638000',FALSE,'9c540ce6-cd73-4406-a4a1-2d5a0225950b')
COMMIT
/*C6*/DELETE FROM "system$session" WHERE "id"=22236523160152325
INSERT INTO "system$session" VALUES(22236523160152325,NULL,'f18c8514-e6e7-4378-a1de-8d437530cbbf','2021-11-22 04:18:56.912000','99f1e28c-9a8e-46d9-9bad-c9da2f55447e','2021-11-22 05:03:17.294000',FALSE,'9c540ce6-cd73-4406-a4a1-2d5a0225950b')
COMMIT
DELETE FROM "system$xasinstance" WHERE "id"=844424930142869
INSERT INTO "system$xasinstance" VALUES(844424930142869,'823a6e91-42d2-4ef9-a283-3180cafa6b69','2021-11-22 04:18:47.938000','2021-11-22 05:04:04.737000',NULL,NULL,NULL)
COMMIT
DELETE FROM "system$session" WHERE "id"=22236523160152325
INSERT INTO "system$session" VALUES(22236523160152325,NULL,'f18c8514-e6e7-4378-a1de-8d437530cbbf','2021-11-22 04:18:56.912000','99f1e28c-9a8e-46d9-9bad-c9da2f55447e','2021-11-22 05:05:12.689000',FALSE,'9c540ce6-cd73-4406-a4a1-2d5a0225950b')
COMMIT
/*C33*/SET SCHEMA PUBLIC
DELETE FROM "system$session" WHERE "id"=22236523160152325
INSERT INTO "system$session" VALUES(22236523160152325,NULL,'f18c8514-e6e7-4378-a1de-8d437530cbbf','2021-11-22 04:18:56.912000','99f1e28c-9a8e-46d9-9bad-c9da2f55447e','2021-11-22 05:07:12.659000',FALSE,'9c540ce6-cd73-4406-a4a1-2d5a0225950b')
COMMIT
/*C14*/DISCONNECT
/*C24*/DISCONNECT
/*C31*/DELETE FROM "system$session" WHERE "id"=22236523160152325
INSERT INTO "system$session" VALUES(22236523160152325,NULL,'f18c8514-e6e7-4378-a1de-8d437530cbbf','2021-11-22 04:18:56.912000','99f1e28c-9a8e-46d9-9bad-c9da2f55447e','2021-11-22 05:08:12.639000',FALSE,'9c540ce6-cd73-4406-a4a1-2d5a0225950b')
COMMIT
/*C15*/DELETE FROM "system$xasinstance" WHERE "id"=844424930142869
INSERT INTO "system$xasinstance" VALUES(844424930142869,'823a6e91-42d2-4ef9-a283-3180cafa6b69','2021-11-22 04:18:47.938000','2021-11-22 05:09:04.756000',NULL,NULL,NULL)
COMMIT
/*C7*/DELETE FROM "system$session" WHERE "id"=22236523160152325
INSERT INTO "system$session" VALUES(22236523160152325,NULL,'f18c8514-e6e7-4378-a1de-8d437530cbbf','2021-11-22 04:18:56.912000','99f1e28c-9a8e-46d9-9bad-c9da2f55447e','2021-11-22 05:10:12.637000',FALSE,'9c540ce6-cd73-4406-a4a1-2d5a0225950b')
COMMIT
/*C34*/SET SCHEMA PUBLIC
DELETE FROM "system$session" WHERE "id"=22236523160152325
INSERT INTO "system$session" VALUES(22236523160152325,NULL,'f18c8514-e6e7-4378-a1de-8d437530cbbf','2021-11-22 04:18:56.912000','99f1e28c-9a8e-46d9-9bad-c9da2f55447e','2021-11-22 05:12:12.665000',FALSE,'9c540ce6-cd73-4406-a4a1-2d5a0225950b')
COMMIT
/*C28*/DISCONNECT
/*C12*/DISCONNECT
/*C10*/SET SCHEMA PUBLIC
DISCONNECT
/*C30*/SET SCHEMA PUBLIC
DISCONNECT
/*C33*/DELETE FROM "system$session" WHERE "id"=22236523160152325
INSERT INTO "system$session" VALUES(22236523160152325,NULL,'f18c8514-e6e7-4378-a1de-8d437530cbbf','2021-11-22 04:18:56.912000','99f1e28c-9a8e-46d9-9bad-c9da2f55447e','2021-11-22 05:13:12.747000',FALSE,'9c540ce6-cd73-4406-a4a1-2d5a0225950b')
COMMIT
DELETE FROM "system$xasinstance" WHERE "id"=844424930142869
INSERT INTO "system$xasinstance" VALUES(844424930142869,'823a6e91-42d2-4ef9-a283-3180cafa6b69','2021-11-22 04:18:47.938000','2021-11-22 05:14:04.776000',NULL,NULL,NULL)
COMMIT
/*C32*/SET SCHEMA PUBLIC
DELETE FROM "system$session" WHERE "id"=22236523160152325
INSERT INTO "system$session" VALUES(22236523160152325,NULL,'f18c8514-e6e7-4378-a1de-8d437530cbbf','2021-11-22 04:18:56.912000','99f1e28c-9a8e-46d9-9bad-c9da2f55447e','2021-11-22 05:15:12.660000',FALSE,'9c540ce6-cd73-4406-a4a1-2d5a0225950b')
COMMIT
/*C15*/DELETE FROM "system$session" WHERE "id"=22236523160152325
INSERT INTO "system$session" VALUES(22236523160152325,NULL,'f18c8514-e6e7-4378-a1de-8d437530cbbf','2021-11-22 04:18:56.912000','99f1e28c-9a8e-46d9-9bad-c9da2f55447e','2021-11-22 05:17:12.675000',FALSE,'9c540ce6-cd73-4406-a4a1-2d5a0225950b')
COMMIT
/*C26*/DELETE FROM "system$session" WHERE "id"=22236523160152325
INSERT INTO "system$session" VALUES(22236523160152325,NULL,'f18c8514-e6e7-4378-a1de-8d437530cbbf','2021-11-22 04:18:56.912000','99f1e28c-9a8e-46d9-9bad-c9da2f55447e','2021-11-22 05:18:12.644000',FALSE,'9c540ce6-cd73-4406-a4a1-2d5a0225950b')
COMMIT
DELETE FROM "system$xasinstance" WHERE "id"=844424930142869
INSERT INTO "system$xasinstance" VALUES(844424930142869,'823a6e91-42d2-4ef9-a283-3180cafa6b69','2021-11-22 04:18:47.938000','2021-11-22 05:19:04.799000',NULL,NULL,NULL)
COMMIT
DELETE FROM "system$session" WHERE "id"=22236523160152325
INSERT INTO "system$session" VALUES(22236523160152325,NULL,'f18c8514-e6e7-4378-a1de-8d437530cbbf','2021-11-22 04:18:56.912000','99f1e28c-9a8e-46d9-9bad-c9da2f55447e','2021-11-22 05:20:12.650000',FALSE,'9c540ce6-cd73-4406-a4a1-2d5a0225950b')
COMMIT
/*C58*/SET SCHEMA PUBLIC
DELETE FROM "mendixsystem$entityidentifier" WHERE "id"='343f2fbf-36d3-4f10-8467-cc1359a3be67'
INSERT INTO "mendixsystem$entityidentifier" VALUES('343f2fbf-36d3-4f10-8467-cc1359a3be67',238,2601)
COMMIT
/*C63*/SET SCHEMA PUBLIC
DELETE FROM "system$session" WHERE "id"=22236523160152325
INSERT INTO "system$session" VALUES(22236523160152325,NULL,'f18c8514-e6e7-4378-a1de-8d437530cbbf','2021-11-22 04:18:56.912000','99f1e28c-9a8e-46d9-9bad-c9da2f55447e','2021-11-22 05:22:19.328000',FALSE,'9c540ce6-cd73-4406-a4a1-2d5a0225950b')
COMMIT
DELETE FROM "system$session" WHERE "id"=22236523160152325
INSERT INTO "system$session" VALUES(22236523160152325,NULL,'f18c8514-e6e7-4378-a1de-8d437530cbbf','2021-11-22 04:18:56.912000','99f1e28c-9a8e-46d9-9bad-c9da2f55447e','2021-11-22 05:23:49.338000',FALSE,'9c540ce6-cd73-4406-a4a1-2d5a0225950b')
COMMIT
/*C35*/SET SCHEMA PUBLIC
DELETE FROM "system$xasinstance" WHERE "id"=844424930142869
INSERT INTO "system$xasinstance" VALUES(844424930142869,'823a6e91-42d2-4ef9-a283-3180cafa6b69','2021-11-22 04:18:47.938000','2021-11-22 05:24:04.816000',NULL,NULL,NULL)
COMMIT
/*C44*/SET SCHEMA PUBLIC
DELETE FROM "system$session" WHERE "id"=22236523160152325
INSERT INTO "system$session" VALUES(22236523160152325,NULL,'f18c8514-e6e7-4378-a1de-8d437530cbbf','2021-11-22 04:18:56.912000','99f1e28c-9a8e-46d9-9bad-c9da2f55447e','2021-11-22 05:25:19.297000',FALSE,'9c540ce6-cd73-4406-a4a1-2d5a0225950b')
COMMIT
DELETE FROM "system$session" WHERE "id"=22236523160152325
INSERT INTO "system$session" VALUES(22236523160152325,NULL,'f18c8514-e6e7-4378-a1de-8d437530cbbf','2021-11-22 04:18:56.912000','99f1e28c-9a8e-46d9-9bad-c9da2f55447e','2021-11-22 05:26:49.299000',FALSE,'9c540ce6-cd73-4406-a4a1-2d5a0225950b')
COMMIT
/*C52*/SET SCHEMA PUBLIC
DISCONNECT
/*C26*/DISCONNECT
/*C70*/SET SCHEMA PUBLIC
DISCONNECT
/*C31*/DISCONNECT
/*C55*/SET SCHEMA PUBLIC
DISCONNECT
/*C45*/SET SCHEMA PUBLIC
DISCONNECT
/*C33*/DISCONNECT
/*C40*/SET SCHEMA PUBLIC
DISCONNECT
/*C58*/DISCONNECT
/*C62*/SET SCHEMA PUBLIC
DISCONNECT
/*C6*/DISCONNECT
/*C37*/SET SCHEMA PUBLIC
DISCONNECT
/*C57*/SET SCHEMA PUBLIC
DISCONNECT
/*C72*/SET SCHEMA PUBLIC
DISCONNECT
/*C71*/SET SCHEMA PUBLIC
DISCONNECT
/*C65*/SET SCHEMA PUBLIC
DISCONNECT
/*C59*/SET SCHEMA PUBLIC
DISCONNECT
/*C48*/SET SCHEMA PUBLIC
DELETE FROM "system$session" WHERE "id"=22236523160152325
INSERT INTO "system$session" VALUES(22236523160152325,NULL,'f18c8514-e6e7-4378-a1de-8d437530cbbf','2021-11-22 04:18:56.912000','99f1e28c-9a8e-46d9-9bad-c9da2f55447e','2021-11-22 05:28:53.842000',FALSE,'9c540ce6-cd73-4406-a4a1-2d5a0225950b')
COMMIT
DELETE FROM "system$xasinstance" WHERE "id"=844424930142869
INSERT INTO "system$xasinstance" VALUES(844424930142869,'823a6e91-42d2-4ef9-a283-3180cafa6b69','2021-11-22 04:18:47.938000','2021-11-22 05:29:04.823000',NULL,NULL,NULL)
COMMIT
/*C63*/DELETE FROM "system$session" WHERE "id"=22236523160152325
INSERT INTO "system$session" VALUES(22236523160152325,NULL,'f18c8514-e6e7-4378-a1de-8d437530cbbf','2021-11-22 04:18:56.912000','99f1e28c-9a8e-46d9-9bad-c9da2f55447e','2021-11-22 05:30:19.630000',FALSE,'9c540ce6-cd73-4406-a4a1-2d5a0225950b')
COMMIT
/*C46*/SET SCHEMA PUBLIC
DELETE FROM "system$session" WHERE "id"=22236523160152325
INSERT INTO "system$session" VALUES(22236523160152325,NULL,'f18c8514-e6e7-4378-a1de-8d437530cbbf','2021-11-22 04:18:56.912000','99f1e28c-9a8e-46d9-9bad-c9da2f55447e','2021-11-22 05:31:49.308000',FALSE,'9c540ce6-cd73-4406-a4a1-2d5a0225950b')
COMMIT
/*C41*/SET SCHEMA PUBLIC
DISCONNECT
/*C42*/SET SCHEMA PUBLIC
DISCONNECT
/*C74*/SET SCHEMA PUBLIC
DISCONNECT
/*C66*/SET SCHEMA PUBLIC
DISCONNECT
/*C67*/SET SCHEMA PUBLIC
DISCONNECT
/*C44*/ALTER SEQUENCE PUBLIC."financials$generalledger_tx_no_int_mxseq" RESTART WITH 645
/*C39*/SET SCHEMA PUBLIC
ALTER SEQUENCE PUBLIC."financials$generalledger_tx_no_int_mxseq" RESTART WITH 646
/*C32*/DELETE FROM "system$session" WHERE "id"=22236523160152325
INSERT INTO "system$session" VALUES(22236523160152325,NULL,'f18c8514-e6e7-4378-a1de-8d437530cbbf','2021-11-22 04:18:56.912000','99f1e28c-9a8e-46d9-9bad-c9da2f55447e','2021-11-22 05:33:56.973000',FALSE,'9c540ce6-cd73-4406-a4a1-2d5a0225950b')
COMMIT
/*C39*/DELETE FROM "system$xasinstance" WHERE "id"=844424930142869
INSERT INTO "system$xasinstance" VALUES(844424930142869,'823a6e91-42d2-4ef9-a283-3180cafa6b69','2021-11-22 04:18:47.938000','2021-11-22 05:34:04.828000',NULL,NULL,NULL)
COMMIT
/*C63*/DELETE FROM "system$session" WHERE "id"=22236523160152325
INSERT INTO "system$session" VALUES(22236523160152325,NULL,'f18c8514-e6e7-4378-a1de-8d437530cbbf','2021-11-22 04:18:56.912000','99f1e28c-9a8e-46d9-9bad-c9da2f55447e','2021-11-22 05:35:19.285000',FALSE,'9c540ce6-cd73-4406-a4a1-2d5a0225950b')
COMMIT
/*C7*/DELETE FROM "system$session" WHERE "id"=22236523160152325
INSERT INTO "system$session" VALUES(22236523160152325,NULL,'f18c8514-e6e7-4378-a1de-8d437530cbbf','2021-11-22 04:18:56.912000','99f1e28c-9a8e-46d9-9bad-c9da2f55447e','2021-11-22 05:36:49.304000',FALSE,'9c540ce6-cd73-4406-a4a1-2d5a0225950b')
COMMIT
/*C49*/SET SCHEMA PUBLIC
DISCONNECT
/*C61*/SET SCHEMA PUBLIC
DISCONNECT
/*C53*/SET SCHEMA PUBLIC
DISCONNECT
/*C69*/SET SCHEMA PUBLIC
DISCONNECT
/*C38*/SET SCHEMA PUBLIC
DISCONNECT
/*C36*/SET SCHEMA PUBLIC
DISCONNECT
/*C25*/DISCONNECT
/*C68*/SET SCHEMA PUBLIC
DISCONNECT
/*C75*/SET SCHEMA PUBLIC
DISCONNECT
/*C34*/DISCONNECT
/*C32*/DELETE FROM "system$session" WHERE "id"=22236523160152325
INSERT INTO "system$session" VALUES(22236523160152325,NULL,'f18c8514-e6e7-4378-a1de-8d437530cbbf','2021-11-22 04:18:56.912000','99f1e28c-9a8e-46d9-9bad-c9da2f55447e','2021-11-22 05:38:52.814000',FALSE,'9c540ce6-cd73-4406-a4a1-2d5a0225950b')
COMMIT
DELETE FROM "mendixsystem$entityidentifier" WHERE "id"='de1b0c70-8412-409d-8fb9-e19d3ec00379'
INSERT INTO "mendixsystem$entityidentifier" VALUES('de1b0c70-8412-409d-8fb9-e19d3ec00379',125,401)
COMMIT
/*C39*/DELETE FROM "system$xasinstance" WHERE "id"=844424930142869
INSERT INTO "system$xasinstance" VALUES(844424930142869,'823a6e91-42d2-4ef9-a283-3180cafa6b69','2021-11-22 04:18:47.938000','2021-11-22 05:39:04.838000',NULL,NULL,NULL)
COMMIT
ALTER SEQUENCE PUBLIC."financials$generalledger_tx_no_int_mxseq" RESTART WITH 647
/*C7*/DELETE FROM "mendixsystem$entityidentifier" WHERE "id"='8f5ed33d-4b61-4b3b-910e-d7e1152868bb'
INSERT INTO "mendixsystem$entityidentifier" VALUES('8f5ed33d-4b61-4b3b-910e-d7e1152868bb',222,501)
COMMIT
/*C63*/INSERT INTO "financials$depositedproperty" VALUES(62487444829766033,NULL,0.00000000,0.00000000,0.00000000,0.00000000,0.00000000,0.00000000,FALSE,0.00000000)
COMMIT
/*C39*/DELETE FROM "system$session" WHERE "id"=22236523160152325
INSERT INTO "system$session" VALUES(22236523160152325,NULL,'f18c8514-e6e7-4378-a1de-8d437530cbbf','2021-11-22 04:18:56.912000','99f1e28c-9a8e-46d9-9bad-c9da2f55447e','2021-11-22 05:40:36.270000',FALSE,'9c540ce6-cd73-4406-a4a1-2d5a0225950b')
COMMIT
/*C63*/DELETE FROM "mendixsystem$entityidentifier" WHERE "id"='91291854-8211-4284-8085-dc38d0a0fc34'
INSERT INTO "mendixsystem$entityidentifier" VALUES('91291854-8211-4284-8085-dc38d0a0fc34',118,701)
COMMIT
DELETE FROM "system$session" WHERE "id"=22236523160152325
INSERT INTO "system$session" VALUES(22236523160152325,NULL,'f18c8514-e6e7-4378-a1de-8d437530cbbf','2021-11-22 04:18:56.912000','99f1e28c-9a8e-46d9-9bad-c9da2f55447e','2021-11-22 05:41:48.580000',FALSE,'9c540ce6-cd73-4406-a4a1-2d5a0225950b')
COMMIT
/*C15*/DELETE FROM "system$session" WHERE "id"=22236523160152325
INSERT INTO "system$session" VALUES(22236523160152325,NULL,'f18c8514-e6e7-4378-a1de-8d437530cbbf','2021-11-22 04:18:56.912000','99f1e28c-9a8e-46d9-9bad-c9da2f55447e','2021-11-22 05:43:49.289000',FALSE,'9c540ce6-cd73-4406-a4a1-2d5a0225950b')
COMMIT
DELETE FROM "system$xasinstance" WHERE "id"=844424930142869
INSERT INTO "system$xasinstance" VALUES(844424930142869,'823a6e91-42d2-4ef9-a283-3180cafa6b69','2021-11-22 04:18:47.938000','2021-11-22 05:44:04.845000',NULL,NULL,NULL)
COMMIT
/*C46*/ALTER SEQUENCE PUBLIC."financials$generalledger_tx_no_int_mxseq" RESTART WITH 648
/*C76*/SET SCHEMA PUBLIC
DELETE FROM "mendixsystem$entityidentifier" WHERE "id"='f67a581b-17aa-4beb-8482-d886b322f9f0'
INSERT INTO "mendixsystem$entityidentifier" VALUES('f67a581b-17aa-4beb-8482-d886b322f9f0',78,3201)
COMMIT
DELETE FROM "mendixsystem$entityidentifier" WHERE "id"='48846d46-0572-498f-b05b-6fba6544c0cd'
INSERT INTO "mendixsystem$entityidentifier" VALUES('48846d46-0572-498f-b05b-6fba6544c0cd',234,601)
COMMIT
ALTER SEQUENCE PUBLIC."financials$generalledger_tx_no_int_mxseq" RESTART WITH 650
INSERT INTO "rapidlease$address" VALUES(21955048183434269,NULL,NULL,NULL,NULL,NULL,NULL,'2021-11-22 05:44:19.240000','2021-11-22 05:44:19.240000',NULL,NULL,NULL,NULL,NULL,NULL,NULL,FALSE,NULL,NULL,NULL,NULL,NULL,NULL,NULL)
INSERT INTO "rapidlease$invoice" VALUES(65865144550294005,NULL,NULL,NULL,NULL,FALSE,FALSE,FALSE,FALSE,NULL,NULL,FALSE,'2021-11-22 05:44:19.242000',NULL,NULL,NULL,NULL,NULL,NULL,NULL,NULL,NULL,27584547717644291,NULL,NULL,'Due',NULL)
INSERT INTO "rapidlease$invoice_address" VALUES(65865144550294005,21955048183434269)
INSERT INTO "financials$generalledger" VALUES(60798594969505110,'Charge',0,NULL,0.00000000,0.00000000,NULL,NULL,NULL,0.00000000,NULL,NULL,NULL,NULL,'Accural',NULL,NULL,FALSE,NULL,FALSE,0.00000000,649,0.00000000,0.00000000)
INSERT INTO "financials$generalledger_generalledger" VALUES(60798594969505110,60798594969505109)
INSERT INTO "system$autocommitentry" VALUES(22799473113568840,'2021-11-22 05:44:19.259000',60798594969505109,'9c540ce6-cd73-4406-a4a1-2d5a0225950b')
INSERT INTO "financials$generalledger" VALUES(60798594969505109,'Charge',0,NULL,0.00000000,0.00000000,NULL,'2021-11-22 05:44:19.245000',NULL,0.00000000,NULL,NULL,NULL,NULL,NULL,NULL,NULL,FALSE,NULL,FALSE,0.00000000,648,0.00000000,0.00000000)
INSERT INTO "rapidlease$invoice_generalledger" VALUES(65865144550294005,60798594969505109)
INSERT INTO "system$autocommitentry" VALUES(22799473113568841,'2021-11-22 05:44:19.263000',65865144550294005,'9c540ce6-cd73-4406-a4a1-2d5a0225950b')
INSERT INTO "system$autocommitentry" VALUES(22799473113568842,'2021-11-22 05:44:19.263000',21955048183434269,'9c540ce6-cd73-4406-a4a1-2d5a0225950b')
COMMIT
/*C15*/DELETE FROM "system$session" WHERE "id"=22236523160152325
INSERT INTO "system$session" VALUES(22236523160152325,NULL,'f18c8514-e6e7-4378-a1de-8d437530cbbf','2021-11-22 04:18:56.912000','99f1e28c-9a8e-46d9-9bad-c9da2f55447e','2021-11-22 05:45:18.580000',FALSE,'9c540ce6-cd73-4406-a4a1-2d5a0225950b')
COMMIT
/*C48*/DELETE FROM "system$session" WHERE "id"=22236523160152325
INSERT INTO "system$session" VALUES(22236523160152325,NULL,'f18c8514-e6e7-4378-a1de-8d437530cbbf','2021-11-22 04:18:56.912000','99f1e28c-9a8e-46d9-9bad-c9da2f55447e','2021-11-22 05:46:48.588000',FALSE,'9c540ce6-cd73-4406-a4a1-2d5a0225950b')
COMMIT
/*C15*/DELETE FROM "system$session" WHERE "id"=22236523160152325
INSERT INTO "system$session" VALUES(22236523160152325,NULL,'f18c8514-e6e7-4378-a1de-8d437530cbbf','2021-11-22 04:18:56.912000','99f1e28c-9a8e-46d9-9bad-c9da2f55447e','2021-11-22 05:47:34.270000',FALSE,'9c540ce6-cd73-4406-a4a1-2d5a0225950b')
COMMIT
/*C43*/SET SCHEMA PUBLIC
ALTER SEQUENCE PUBLIC."financials$generalledger_tx_no_int_mxseq" RESTART WITH 651
ALTER SEQUENCE PUBLIC."financials$generalledger_tx_no_int_mxseq" RESTART WITH 652
/*C7*/ALTER SEQUENCE PUBLIC."financials$generalledger_tx_no_int_mxseq" RESTART WITH 654
INSERT INTO "rapidlease$address" VALUES(21955048183434270,NULL,NULL,NULL,NULL,NULL,NULL,'2021-11-22 05:47:57.593000','2021-11-22 05:47:57.593000',NULL,NULL,NULL,NULL,NULL,NULL,NULL,FALSE,NULL,NULL,NULL,NULL,NULL,NULL,NULL)
INSERT INTO "rapidlease$invoice" VALUES(65865144550294006,NULL,NULL,NULL,NULL,FALSE,FALSE,FALSE,FALSE,NULL,NULL,FALSE,'2021-11-22 05:47:57.593000',NULL,NULL,NULL,NULL,NULL,NULL,NULL,NULL,NULL,27584547717644291,NULL,NULL,'Due',NULL)
INSERT INTO "rapidlease$invoice_address" VALUES(65865144550294006,21955048183434270)
INSERT INTO "financials$generalledger" VALUES(60798594969505114,'Charge',0,NULL,0.00000000,0.00000000,NULL,NULL,NULL,0.00000000,NULL,NULL,NULL,NULL,'Accural',NULL,NULL,FALSE,NULL,FALSE,0.00000000,653,0.00000000,0.00000000)
INSERT INTO "financials$generalledger_generalledger" VALUES(60798594969505114,60798594969505113)
INSERT INTO "system$autocommitentry" VALUES(22799473113568843,'2021-11-22 05:47:57.608000',60798594969505113,'9c540ce6-cd73-4406-a4a1-2d5a0225950b')
INSERT INTO "financials$generalledger" VALUES(60798594969505113,'Charge',0,NULL,0.00000000,0.00000000,NULL,'2021-11-22 05:47:57.595000',NULL,0.00000000,NULL,NULL,NULL,NULL,NULL,NULL,NULL,FALSE,NULL,FALSE,0.00000000,652,0.00000000,0.00000000)
INSERT INTO "rapidlease$invoice_generalledger" VALUES(65865144550294006,60798594969505113)
INSERT INTO "system$autocommitentry" VALUES(22799473113568844,'2021-11-22 05:47:57.611000',65865144550294006,'9c540ce6-cd73-4406-a4a1-2d5a0225950b')
INSERT INTO "system$autocommitentry" VALUES(22799473113568845,'2021-11-22 05:47:57.611000',21955048183434270,'9c540ce6-cd73-4406-a4a1-2d5a0225950b')
COMMIT
/*C39*/DISCONNECT
/*C54*/SET SCHEMA PUBLIC
DISCONNECT
/*C64*/SET SCHEMA PUBLIC
DISCONNECT
/*C60*/SET SCHEMA PUBLIC
DISCONNECT
/*C73*/SET SCHEMA PUBLIC
DISCONNECT
/*C50*/SET SCHEMA PUBLIC
DELETE FROM "system$session" WHERE "id"=22236523160152325
INSERT INTO "system$session" VALUES(22236523160152325,NULL,'f18c8514-e6e7-4378-a1de-8d437530cbbf','2021-11-22 04:18:56.912000','99f1e28c-9a8e-46d9-9bad-c9da2f55447e','2021-11-22 05:48:35.825000',FALSE,'9c540ce6-cd73-4406-a4a1-2d5a0225950b')
COMMIT
/*C48*/DELETE FROM "system$xasinstance" WHERE "id"=844424930142869
INSERT INTO "system$xasinstance" VALUES(844424930142869,'823a6e91-42d2-4ef9-a283-3180cafa6b69','2021-11-22 04:18:47.938000','2021-11-22 05:49:04.850000',NULL,NULL,NULL)
COMMIT
/*C50*/DELETE FROM "system$session" WHERE "id"=22236523160152325
INSERT INTO "system$session" VALUES(22236523160152325,NULL,'f18c8514-e6e7-4378-a1de-8d437530cbbf','2021-11-22 04:18:56.912000','99f1e28c-9a8e-46d9-9bad-c9da2f55447e','2021-11-22 05:50:05.830000',FALSE,'9c540ce6-cd73-4406-a4a1-2d5a0225950b')
COMMIT
/*C56*/SET SCHEMA PUBLIC
DELETE FROM "system$session" WHERE "id"=22236523160152325
INSERT INTO "system$session" VALUES(22236523160152325,NULL,'f18c8514-e6e7-4378-a1de-8d437530cbbf','2021-11-22 04:18:56.912000','99f1e28c-9a8e-46d9-9bad-c9da2f55447e','2021-11-22 05:51:06.187000',FALSE,'9c540ce6-cd73-4406-a4a1-2d5a0225950b')
COMMIT
/*C47*/SET SCHEMA PUBLIC
ALTER SEQUENCE PUBLIC."financials$generalledger_tx_no_int_mxseq" RESTART WITH 656
INSERT INTO "financials$generalledger" VALUES(60798594969505116,'Charge',0,NULL,0.00000000,0.00000000,NULL,NULL,NULL,0.00000000,NULL,NULL,NULL,NULL,'Accural',NULL,NULL,FALSE,NULL,FALSE,0.00000000,655,0.00000000,0.00000000)
INSERT INTO "financials$generalledger_property" VALUES(60798594969505116,6192449487635933)
INSERT INTO "financials$generalledger_lease" VALUES(60798594969505116,14636698788957218)
INSERT INTO "financials$generalledger_generalledger" VALUES(60798594969505116,60798594969505115)
INSERT INTO "system$autocommitentry" VALUES(22799473113568846,'2021-11-22 05:51:12.825000',60798594969505115,'9c540ce6-cd73-4406-a4a1-2d5a0225950b')
INSERT INTO "financials$generalledger" VALUES(60798594969505115,'Charge',0,NULL,0.00000000,0.00000000,NULL,NULL,NULL,0.00000000,NULL,NULL,NULL,NULL,NULL,NULL,NULL,FALSE,NULL,TRUE,0.00000000,654,0.00000000,0.00000000)
INSERT INTO "financials$generalledger_lease" VALUES(60798594969505115,14636698788957218)
INSERT INTO "financials$generalledger_property" VALUES(60798594969505115,6192449487635933)
COMMIT
/*C63*/ALTER SEQUENCE PUBLIC."system$filedocument_fileid_mxseq" RESTART WITH 315
/*C51*/SET SCHEMA PUBLIC
DELETE FROM "financials$generalledger" WHERE "id"=60798594969505116
DELETE FROM "financials$generalledger_property" WHERE "financials$generalledgerid"=60798594969505116 AND "rapidlease$propertyid"=6192449487635933
DELETE FROM "financials$generalledger_lease" WHERE "financials$generalledgerid"=60798594969505116 AND "rapidlease$leaseid"=14636698788957218
DELETE FROM "financials$generalledger_generalledger" WHERE "financials$generalledgerid1"=60798594969505116 AND "financials$generalledgerid2"=60798594969505115
DELETE FROM "financials$generalledger" WHERE "id"=60798594969505115
DELETE FROM "financials$generalledger_property" WHERE "financials$generalledgerid"=60798594969505115 AND "rapidlease$propertyid"=6192449487635933
DELETE FROM "financials$generalledger_lease" WHERE "financials$generalledgerid"=60798594969505115 AND "rapidlease$leaseid"=14636698788957218
COMMIT
/*C47*/ALTER SEQUENCE PUBLIC."financials$generalledger_tx_no_int_mxseq" RESTART WITH 657
ALTER SEQUENCE PUBLIC."system$filedocument_fileid_mxseq" RESTART WITH 316
/*C105*/SET SCHEMA PUBLIC
DELETE FROM "system$session" WHERE "id"=22236523160152325
INSERT INTO "system$session" VALUES(22236523160152325,NULL,'f18c8514-e6e7-4378-a1de-8d437530cbbf','2021-11-22 04:18:56.912000','99f1e28c-9a8e-46d9-9bad-c9da2f55447e','2021-11-22 05:52:08.295000',FALSE,'9c540ce6-cd73-4406-a4a1-2d5a0225950b')
COMMIT
/*C111*/SET SCHEMA PUBLIC
DELETE FROM "system$session" WHERE "id"=22236523160152325
INSERT INTO "system$session" VALUES(22236523160152325,NULL,'f18c8514-e6e7-4378-a1de-8d437530cbbf','2021-11-22 04:18:56.912000','99f1e28c-9a8e-46d9-9bad-c9da2f55447e','2021-11-22 05:53:38.305000',FALSE,'9c540ce6-cd73-4406-a4a1-2d5a0225950b')
COMMIT
/*C109*/SET SCHEMA PUBLIC
DELETE FROM "system$xasinstance" WHERE "id"=844424930142869
INSERT INTO "system$xasinstance" VALUES(844424930142869,'823a6e91-42d2-4ef9-a283-3180cafa6b69','2021-11-22 04:18:47.938000','2021-11-22 05:54:04.858000',NULL,NULL,NULL)
COMMIT
/*C107*/SET SCHEMA PUBLIC
ALTER SEQUENCE PUBLIC."financials$generalledger_tx_no_int_mxseq" RESTART WITH 658
/*C108*/SET SCHEMA PUBLIC
ALTER SEQUENCE PUBLIC."financials$generalledger_tx_no_int_mxseq" RESTART WITH 659
/*C105*/DELETE FROM "system$session" WHERE "id"=22236523160152325
INSERT INTO "system$session" VALUES(22236523160152325,NULL,'f18c8514-e6e7-4378-a1de-8d437530cbbf','2021-11-22 04:18:56.912000','99f1e28c-9a8e-46d9-9bad-c9da2f55447e','2021-11-22 05:55:13.510000',FALSE,'9c540ce6-cd73-4406-a4a1-2d5a0225950b')
COMMIT
/*C111*/ALTER SEQUENCE PUBLIC."financials$generalledger_tx_no_int_mxseq" RESTART WITH 660
/*C108*/DELETE FROM "system$session" WHERE "id"=22236523160152325
INSERT INTO "system$session" VALUES(22236523160152325,NULL,'f18c8514-e6e7-4378-a1de-8d437530cbbf','2021-11-22 04:18:56.912000','99f1e28c-9a8e-46d9-9bad-c9da2f55447e','2021-11-22 05:57:08.612000',FALSE,'9c540ce6-cd73-4406-a4a1-2d5a0225950b')
COMMIT
/*C78*/SET SCHEMA PUBLIC
DISCONNECT
/*C50*/DISCONNECT
/*C81*/SET SCHEMA PUBLIC
DISCONNECT
/*C82*/SET SCHEMA PUBLIC
DISCONNECT
/*C83*/SET SCHEMA PUBLIC
DISCONNECT
/*C84*/SET SCHEMA PUBLIC
DISCONNECT
/*C85*/SET SCHEMA PUBLIC
DISCONNECT
/*C86*/SET SCHEMA PUBLIC
DISCONNECT
/*C88*/SET SCHEMA PUBLIC
DISCONNECT
/*C87*/SET SCHEMA PUBLIC
DISCONNECT
/*C89*/SET SCHEMA PUBLIC
DISCONNECT
/*C90*/SET SCHEMA PUBLIC
DISCONNECT
/*C91*/SET SCHEMA PUBLIC
DISCONNECT
/*C92*/SET SCHEMA PUBLIC
DISCONNECT
/*C93*/SET SCHEMA PUBLIC
DISCONNECT
/*C94*/SET SCHEMA PUBLIC
DISCONNECT
/*C96*/SET SCHEMA PUBLIC
DISCONNECT
/*C111*/DELETE FROM "system$session" WHERE "id"=22236523160152325
INSERT INTO "system$session" VALUES(22236523160152325,NULL,'f18c8514-e6e7-4378-a1de-8d437530cbbf','2021-11-22 04:18:56.912000','99f1e28c-9a8e-46d9-9bad-c9da2f55447e','2021-11-22 05:58:38.287000',FALSE,'9c540ce6-cd73-4406-a4a1-2d5a0225950b')
COMMIT
/*C102*/SET SCHEMA PUBLIC
DELETE FROM "system$xasinstance" WHERE "id"=844424930142869
INSERT INTO "system$xasinstance" VALUES(844424930142869,'823a6e91-42d2-4ef9-a283-3180cafa6b69','2021-11-22 04:18:47.938000','2021-11-22 05:59:04.868000',NULL,NULL,NULL)
COMMIT
/*C111*/DELETE FROM "system$session" WHERE "id"=22236523160152325
INSERT INTO "system$session" VALUES(22236523160152325,NULL,'f18c8514-e6e7-4378-a1de-8d437530cbbf','2021-11-22 04:18:56.912000','99f1e28c-9a8e-46d9-9bad-c9da2f55447e','2021-11-22 06:00:08.279000',FALSE,'9c540ce6-cd73-4406-a4a1-2d5a0225950b')
COMMIT
/*C102*/DELETE FROM "system$session" WHERE "id"=22236523160152325
INSERT INTO "system$session" VALUES(22236523160152325,NULL,'f18c8514-e6e7-4378-a1de-8d437530cbbf','2021-11-22 04:18:56.912000','99f1e28c-9a8e-46d9-9bad-c9da2f55447e','2021-11-22 06:01:38.277000',FALSE,'9c540ce6-cd73-4406-a4a1-2d5a0225950b')
COMMIT
/*C97*/SET SCHEMA PUBLIC
DISCONNECT
/*C95*/SET SCHEMA PUBLIC
DISCONNECT
/*C99*/SET SCHEMA PUBLIC
DISCONNECT
/*C110*/SET SCHEMA PUBLIC
DISCONNECT
/*C106*/SET SCHEMA PUBLIC
DISCONNECT
/*C100*/SET SCHEMA PUBLIC
DISCONNECT
/*C98*/SET SCHEMA PUBLIC
DISCONNECT
/*C105*/DISCONNECT
/*C101*/SET SCHEMA PUBLIC
DISCONNECT
/*C109*/DELETE FROM "system$session" WHERE "id"=22236523160152325
INSERT INTO "system$session" VALUES(22236523160152325,NULL,'f18c8514-e6e7-4378-a1de-8d437530cbbf','2021-11-22 04:18:56.912000','99f1e28c-9a8e-46d9-9bad-c9da2f55447e','2021-11-22 06:03:12.608000',FALSE,'9c540ce6-cd73-4406-a4a1-2d5a0225950b')
COMMIT
/*C103*/SET SCHEMA PUBLIC
DELETE FROM "system$xasinstance" WHERE "id"=844424930142869
INSERT INTO "system$xasinstance" VALUES(844424930142869,'823a6e91-42d2-4ef9-a283-3180cafa6b69','2021-11-22 04:18:47.938000','2021-11-22 06:04:04.889000',NULL,NULL,NULL)
COMMIT
/*C107*/DELETE FROM "system$session" WHERE "id"=22236523160152325
INSERT INTO "system$session" VALUES(22236523160152325,NULL,'f18c8514-e6e7-4378-a1de-8d437530cbbf','2021-11-22 04:18:56.912000','99f1e28c-9a8e-46d9-9bad-c9da2f55447e','2021-11-22 06:05:12.611000',FALSE,'9c540ce6-cd73-4406-a4a1-2d5a0225950b')
COMMIT
/*C108*/DELETE FROM "system$session" WHERE "id"=22236523160152325
INSERT INTO "system$session" VALUES(22236523160152325,NULL,'f18c8514-e6e7-4378-a1de-8d437530cbbf','2021-11-22 04:18:56.912000','99f1e28c-9a8e-46d9-9bad-c9da2f55447e','2021-11-22 06:06:12.285000',FALSE,'9c540ce6-cd73-4406-a4a1-2d5a0225950b')
COMMIT
/*C79*/SET SCHEMA PUBLIC
DISCONNECT
/*C76*/DISCONNECT
/*C32*/DISCONNECT
/*C7*/DISCONNECT
/*C46*/DISCONNECT
/*C35*/DISCONNECT
/*C63*/DISCONNECT
/*C112*/SET SCHEMA PUBLIC
DELETE FROM "system$session" WHERE "id"=22236523160152325
INSERT INTO "system$session" VALUES(22236523160152325,NULL,'f18c8514-e6e7-4378-a1de-8d437530cbbf','2021-11-22 04:18:56.912000','99f1e28c-9a8e-46d9-9bad-c9da2f55447e','2021-11-22 06:08:12.598000',FALSE,'9c540ce6-cd73-4406-a4a1-2d5a0225950b')
COMMIT
DELETE FROM "system$xasinstance" WHERE "id"=844424930142869
INSERT INTO "system$xasinstance" VALUES(844424930142869,'823a6e91-42d2-4ef9-a283-3180cafa6b69','2021-11-22 04:18:47.938000','2021-11-22 06:09:04.901000',NULL,NULL,NULL)
COMMIT
DELETE FROM "system$session" WHERE "id"=22236523160152325
INSERT INTO "system$session" VALUES(22236523160152325,NULL,'f18c8514-e6e7-4378-a1de-8d437530cbbf','2021-11-22 04:18:56.912000','99f1e28c-9a8e-46d9-9bad-c9da2f55447e','2021-11-22 06:10:12.608000',FALSE,'9c540ce6-cd73-4406-a4a1-2d5a0225950b')
COMMIT
/*C111*/DELETE FROM "system$session" WHERE "id"=22236523160152325
INSERT INTO "system$session" VALUES(22236523160152325,NULL,'f18c8514-e6e7-4378-a1de-8d437530cbbf','2021-11-22 04:18:56.912000','99f1e28c-9a8e-46d9-9bad-c9da2f55447e','2021-11-22 06:11:12.293000',FALSE,'9c540ce6-cd73-4406-a4a1-2d5a0225950b')
COMMIT
/*C15*/DISCONNECT
/*C56*/DISCONNECT
/*C47*/DISCONNECT
/*C48*/DISCONNECT
/*C77*/SET SCHEMA PUBLIC
DISCONNECT
/*C43*/DISCONNECT
/*C80*/SET SCHEMA PUBLIC
DELETE FROM "system$session" WHERE "id"=22236523160152325
INSERT INTO "system$session" VALUES(22236523160152325,NULL,'f18c8514-e6e7-4378-a1de-8d437530cbbf','2021-11-22 04:18:56.912000','99f1e28c-9a8e-46d9-9bad-c9da2f55447e','2021-11-22 06:13:12.648000',FALSE,'9c540ce6-cd73-4406-a4a1-2d5a0225950b')
COMMIT
/*C108*/DELETE FROM "system$xasinstance" WHERE "id"=844424930142869
INSERT INTO "system$xasinstance" VALUES(844424930142869,'823a6e91-42d2-4ef9-a283-3180cafa6b69','2021-11-22 04:18:47.938000','2021-11-22 06:14:04.919000',NULL,NULL,NULL)
COMMIT
DELETE FROM "system$session" WHERE "id"=22236523160152325
INSERT INTO "system$session" VALUES(22236523160152325,NULL,'f18c8514-e6e7-4378-a1de-8d437530cbbf','2021-11-22 04:18:56.912000','99f1e28c-9a8e-46d9-9bad-c9da2f55447e','2021-11-22 06:15:12.599000',FALSE,'9c540ce6-cd73-4406-a4a1-2d5a0225950b')
COMMIT
/*C111*/DELETE FROM "system$session" WHERE "id"=22236523160152325
INSERT INTO "system$session" VALUES(22236523160152325,NULL,'f18c8514-e6e7-4378-a1de-8d437530cbbf','2021-11-22 04:18:56.912000','99f1e28c-9a8e-46d9-9bad-c9da2f55447e','2021-11-22 06:17:08.305000',FALSE,'9c540ce6-cd73-4406-a4a1-2d5a0225950b')
COMMIT
/*C51*/DISCONNECT
/*C104*/SET SCHEMA PUBLIC
DELETE FROM "system$session" WHERE "id"=22236523160152325
INSERT INTO "system$session" VALUES(22236523160152325,NULL,'f18c8514-e6e7-4378-a1de-8d437530cbbf','2021-11-22 04:18:56.912000','99f1e28c-9a8e-46d9-9bad-c9da2f55447e','2021-11-22 06:18:38.305000',FALSE,'9c540ce6-cd73-4406-a4a1-2d5a0225950b')
COMMIT
DELETE FROM "system$xasinstance" WHERE "id"=844424930142869
INSERT INTO "system$xasinstance" VALUES(844424930142869,'823a6e91-42d2-4ef9-a283-3180cafa6b69','2021-11-22 04:18:47.938000','2021-11-22 06:19:04.931000',NULL,NULL,NULL)
COMMIT
DELETE FROM "system$session" WHERE "id"=22236523160152325
INSERT INTO "system$session" VALUES(22236523160152325,NULL,'f18c8514-e6e7-4378-a1de-8d437530cbbf','2021-11-22 04:18:56.912000','99f1e28c-9a8e-46d9-9bad-c9da2f55447e','2021-11-22 06:20:08.284000',FALSE,'9c540ce6-cd73-4406-a4a1-2d5a0225950b')
COMMIT
DELETE FROM "system$session" WHERE "id"=22236523160152325
INSERT INTO "system$session" VALUES(22236523160152325,NULL,'f18c8514-e6e7-4378-a1de-8d437530cbbf','2021-11-22 04:18:56.912000','99f1e28c-9a8e-46d9-9bad-c9da2f55447e','2021-11-22 06:21:12.603000',FALSE,'9c540ce6-cd73-4406-a4a1-2d5a0225950b')
COMMIT
/*C107*/DISCONNECT
/*C44*/DISCONNECT
/*C109*/DISCONNECT
/*C112*/DELETE FROM "system$session" WHERE "id"=22236523160152325
INSERT INTO "system$session" VALUES(22236523160152325,NULL,'f18c8514-e6e7-4378-a1de-8d437530cbbf','2021-11-22 04:18:56.912000','99f1e28c-9a8e-46d9-9bad-c9da2f55447e','2021-11-22 06:23:12.645000',FALSE,'9c540ce6-cd73-4406-a4a1-2d5a0225950b')
COMMIT
DELETE FROM "system$xasinstance" WHERE "id"=844424930142869
INSERT INTO "system$xasinstance" VALUES(844424930142869,'823a6e91-42d2-4ef9-a283-3180cafa6b69','2021-11-22 04:18:47.938000','2021-11-22 06:24:04.955000',NULL,NULL,NULL)
COMMIT
/*C111*/DELETE FROM "system$session" WHERE "id"=22236523160152325
INSERT INTO "system$session" VALUES(22236523160152325,NULL,'f18c8514-e6e7-4378-a1de-8d437530cbbf','2021-11-22 04:18:56.912000','99f1e28c-9a8e-46d9-9bad-c9da2f55447e','2021-11-22 06:25:12.617000',FALSE,'9c540ce6-cd73-4406-a4a1-2d5a0225950b')
COMMIT
/*C112*/DELETE FROM "system$session" WHERE "id"=22236523160152325
INSERT INTO "system$session" VALUES(22236523160152325,NULL,'f18c8514-e6e7-4378-a1de-8d437530cbbf','2021-11-22 04:18:56.912000','99f1e28c-9a8e-46d9-9bad-c9da2f55447e','2021-11-22 06:26:12.620000',FALSE,'9c540ce6-cd73-4406-a4a1-2d5a0225950b')
COMMIT
/*C104*/DELETE FROM "system$session" WHERE "id"=22236523160152325
INSERT INTO "system$session" VALUES(22236523160152325,NULL,'f18c8514-e6e7-4378-a1de-8d437530cbbf','2021-11-22 04:18:56.912000','99f1e28c-9a8e-46d9-9bad-c9da2f55447e','2021-11-22 06:28:12.608000',FALSE,'9c540ce6-cd73-4406-a4a1-2d5a0225950b')
COMMIT
/*C102*/DELETE FROM "system$xasinstance" WHERE "id"=844424930142869
INSERT INTO "system$xasinstance" VALUES(844424930142869,'823a6e91-42d2-4ef9-a283-3180cafa6b69','2021-11-22 04:18:47.938000','2021-11-22 06:29:04.966000',NULL,NULL,NULL)
COMMIT
/*C104*/DELETE FROM "system$session" WHERE "id"=22236523160152325
INSERT INTO "system$session" VALUES(22236523160152325,NULL,'f18c8514-e6e7-4378-a1de-8d437530cbbf','2021-11-22 04:18:56.912000','99f1e28c-9a8e-46d9-9bad-c9da2f55447e','2021-11-22 06:30:12.616000',FALSE,'9c540ce6-cd73-4406-a4a1-2d5a0225950b')
COMMIT
/*C111*/DELETE FROM "system$session" WHERE "id"=22236523160152325
INSERT INTO "system$session" VALUES(22236523160152325,NULL,'f18c8514-e6e7-4378-a1de-8d437530cbbf','2021-11-22 04:18:56.912000','99f1e28c-9a8e-46d9-9bad-c9da2f55447e','2021-11-22 06:31:12.620000',FALSE,'9c540ce6-cd73-4406-a4a1-2d5a0225950b')
COMMIT
DELETE FROM "system$session" WHERE "id"=22236523160152325
INSERT INTO "system$session" VALUES(22236523160152325,NULL,'f18c8514-e6e7-4378-a1de-8d437530cbbf','2021-11-22 04:18:56.912000','99f1e28c-9a8e-46d9-9bad-c9da2f55447e','2021-11-22 06:33:12.646000',FALSE,'9c540ce6-cd73-4406-a4a1-2d5a0225950b')
COMMIT
/*C102*/DELETE FROM "system$xasinstance" WHERE "id"=844424930142869
INSERT INTO "system$xasinstance" VALUES(844424930142869,'823a6e91-42d2-4ef9-a283-3180cafa6b69','2021-11-22 04:18:47.938000','2021-11-22 06:34:04.982000',NULL,NULL,NULL)
COMMIT
/*C103*/DELETE FROM "system$session" WHERE "id"=22236523160152325
INSERT INTO "system$session" VALUES(22236523160152325,NULL,'f18c8514-e6e7-4378-a1de-8d437530cbbf','2021-11-22 04:18:56.912000','99f1e28c-9a8e-46d9-9bad-c9da2f55447e','2021-11-22 06:35:12.617000',FALSE,'9c540ce6-cd73-4406-a4a1-2d5a0225950b')
COMMIT
/*C112*/DELETE FROM "system$session" WHERE "id"=22236523160152325
INSERT INTO "system$session" VALUES(22236523160152325,NULL,'f18c8514-e6e7-4378-a1de-8d437530cbbf','2021-11-22 04:18:56.912000','99f1e28c-9a8e-46d9-9bad-c9da2f55447e','2021-11-22 06:36:12.633000',FALSE,'9c540ce6-cd73-4406-a4a1-2d5a0225950b')
COMMIT
/*C111*/DELETE FROM "system$session" WHERE "id"=22236523160152325
INSERT INTO "system$session" VALUES(22236523160152325,NULL,'f18c8514-e6e7-4378-a1de-8d437530cbbf','2021-11-22 04:18:56.912000','99f1e28c-9a8e-46d9-9bad-c9da2f55447e','2021-11-22 06:38:12.628000',FALSE,'9c540ce6-cd73-4406-a4a1-2d5a0225950b')
COMMIT
/*C104*/DELETE FROM "system$xasinstance" WHERE "id"=844424930142869
INSERT INTO "system$xasinstance" VALUES(844424930142869,'823a6e91-42d2-4ef9-a283-3180cafa6b69','2021-11-22 04:18:47.938000','2021-11-22 06:39:04.992000',NULL,NULL,NULL)
COMMIT
/*C111*/DELETE FROM "system$session" WHERE "id"=22236523160152325
INSERT INTO "system$session" VALUES(22236523160152325,NULL,'f18c8514-e6e7-4378-a1de-8d437530cbbf','2021-11-22 04:18:56.912000','99f1e28c-9a8e-46d9-9bad-c9da2f55447e','2021-11-22 06:40:12.658000',FALSE,'9c540ce6-cd73-4406-a4a1-2d5a0225950b')
COMMIT
DELETE FROM "system$session" WHERE "id"=22236523160152325
INSERT INTO "system$session" VALUES(22236523160152325,NULL,'f18c8514-e6e7-4378-a1de-8d437530cbbf','2021-11-22 04:18:56.912000','99f1e28c-9a8e-46d9-9bad-c9da2f55447e','2021-11-22 06:41:12.634000',FALSE,'9c540ce6-cd73-4406-a4a1-2d5a0225950b')
COMMIT
/*C80*/DISCONNECT
/*C103*/DELETE FROM "system$session" WHERE "id"=22236523160152325
INSERT INTO "system$session" VALUES(22236523160152325,NULL,'f18c8514-e6e7-4378-a1de-8d437530cbbf','2021-11-22 04:18:56.912000','99f1e28c-9a8e-46d9-9bad-c9da2f55447e','2021-11-22 06:43:12.614000',FALSE,'9c540ce6-cd73-4406-a4a1-2d5a0225950b')
COMMIT
DELETE FROM "system$xasinstance" WHERE "id"=844424930142869
INSERT INTO "system$xasinstance" VALUES(844424930142869,'823a6e91-42d2-4ef9-a283-3180cafa6b69','2021-11-22 04:18:47.938000','2021-11-22 06:44:05.005000',NULL,NULL,NULL)
COMMIT
/*C112*/DELETE FROM "system$session" WHERE "id"=22236523160152325
INSERT INTO "system$session" VALUES(22236523160152325,NULL,'f18c8514-e6e7-4378-a1de-8d437530cbbf','2021-11-22 04:18:56.912000','99f1e28c-9a8e-46d9-9bad-c9da2f55447e','2021-11-22 06:45:12.615000',FALSE,'9c540ce6-cd73-4406-a4a1-2d5a0225950b')
COMMIT
/*C113*/SET SCHEMA PUBLIC
DELETE FROM "system$session" WHERE "id"=22236523160152325
INSERT INTO "system$session" VALUES(22236523160152325,NULL,'f18c8514-e6e7-4378-a1de-8d437530cbbf','2021-11-22 04:18:56.912000','99f1e28c-9a8e-46d9-9bad-c9da2f55447e','2021-11-22 06:46:12.631000',FALSE,'9c540ce6-cd73-4406-a4a1-2d5a0225950b')
COMMIT
DELETE FROM "system$session" WHERE "id"=22236523160152325
INSERT INTO "system$session" VALUES(22236523160152325,NULL,'f18c8514-e6e7-4378-a1de-8d437530cbbf','2021-11-22 04:18:56.912000','99f1e28c-9a8e-46d9-9bad-c9da2f55447e','2021-11-22 06:48:12.604000',FALSE,'9c540ce6-cd73-4406-a4a1-2d5a0225950b')
COMMIT
/*C112*/DELETE FROM "system$xasinstance" WHERE "id"=844424930142869
INSERT INTO "system$xasinstance" VALUES(844424930142869,'823a6e91-42d2-4ef9-a283-3180cafa6b69','2021-11-22 04:18:47.938000','2021-11-22 06:49:05.013000',NULL,NULL,NULL)
COMMIT
/*C113*/DELETE FROM "system$session" WHERE "id"=22236523160152325
INSERT INTO "system$session" VALUES(22236523160152325,NULL,'f18c8514-e6e7-4378-a1de-8d437530cbbf','2021-11-22 04:18:56.912000','99f1e28c-9a8e-46d9-9bad-c9da2f55447e','2021-11-22 06:50:12.619000',FALSE,'9c540ce6-cd73-4406-a4a1-2d5a0225950b')
COMMIT
/*C104*/DELETE FROM "system$session" WHERE "id"=22236523160152325
INSERT INTO "system$session" VALUES(22236523160152325,NULL,'f18c8514-e6e7-4378-a1de-8d437530cbbf','2021-11-22 04:18:56.912000','99f1e28c-9a8e-46d9-9bad-c9da2f55447e','2021-11-22 06:51:12.619000',FALSE,'9c540ce6-cd73-4406-a4a1-2d5a0225950b')
COMMIT
DELETE FROM "system$session" WHERE "id"=22236523160152325
INSERT INTO "system$session" VALUES(22236523160152325,NULL,'f18c8514-e6e7-4378-a1de-8d437530cbbf','2021-11-22 04:18:56.912000','99f1e28c-9a8e-46d9-9bad-c9da2f55447e','2021-11-22 06:53:12.623000',FALSE,'9c540ce6-cd73-4406-a4a1-2d5a0225950b')
COMMIT
/*C102*/DELETE FROM "system$xasinstance" WHERE "id"=844424930142869
INSERT INTO "system$xasinstance" VALUES(844424930142869,'823a6e91-42d2-4ef9-a283-3180cafa6b69','2021-11-22 04:18:47.938000','2021-11-22 06:54:05.018000',NULL,NULL,NULL)
COMMIT
/*C103*/DELETE FROM "system$session" WHERE "id"=22236523160152325
INSERT INTO "system$session" VALUES(22236523160152325,NULL,'f18c8514-e6e7-4378-a1de-8d437530cbbf','2021-11-22 04:18:56.912000','99f1e28c-9a8e-46d9-9bad-c9da2f55447e','2021-11-22 06:55:12.620000',FALSE,'9c540ce6-cd73-4406-a4a1-2d5a0225950b')
COMMIT
/*C108*/DELETE FROM "system$session" WHERE "id"=22236523160152325
INSERT INTO "system$session" VALUES(22236523160152325,NULL,'f18c8514-e6e7-4378-a1de-8d437530cbbf','2021-11-22 04:18:56.912000','99f1e28c-9a8e-46d9-9bad-c9da2f55447e','2021-11-22 06:56:12.638000',FALSE,'9c540ce6-cd73-4406-a4a1-2d5a0225950b')
COMMIT
/*C112*/DELETE FROM "system$xasinstance" WHERE "id"=844424930142869
INSERT INTO "system$xasinstance" VALUES(844424930142869,'823a6e91-42d2-4ef9-a283-3180cafa6b69','2021-11-22 04:18:47.938000','2021-11-22 06:59:05.037000',NULL,NULL,NULL)
COMMIT
/*C111*/DISCONNECT
/*C103*/DISCONNECT
/*C114*/SET SCHEMA PUBLIC
DELETE FROM "system$xasinstance" WHERE "id"=844424930142869
INSERT INTO "system$xasinstance" VALUES(844424930142869,'823a6e91-42d2-4ef9-a283-3180cafa6b69','2021-11-22 04:18:47.938000','2021-11-22 07:04:05.055000',NULL,NULL,NULL)
COMMIT
/*C113*/DISCONNECT
/*C102*/DELETE FROM "system$xasinstance" WHERE "id"=844424930142869
INSERT INTO "system$xasinstance" VALUES(844424930142869,'823a6e91-42d2-4ef9-a283-3180cafa6b69','2021-11-22 04:18:47.938000','2021-11-22 07:09:05.080000',NULL,NULL,NULL)
COMMIT
/*C108*/DELETE FROM "system$session" WHERE "id"=22236523160152325
DELETE FROM "system$session_user" WHERE "system$sessionid"=22236523160152325 AND "system$userid"=27584547717644291
COMMIT
/*C114*/DELETE FROM "rapidlease$address" WHERE "id"=21955048183434269
DELETE FROM "rapidlease$address" WHERE "id"=21955048183434270
DELETE FROM "rapidlease$invoice_address" WHERE "rapidlease$invoiceid"=65865144550294005 AND "rapidlease$addressid"=21955048183434269
DELETE FROM "rapidlease$invoice_address" WHERE "rapidlease$invoiceid"=65865144550294006 AND "rapidlease$addressid"=21955048183434270
COMMIT
DELETE FROM "system$autocommitentry" WHERE "id"=22799473113568842
DELETE FROM "system$autocommitentry" WHERE "id"=22799473113568845
DELETE FROM "system$autocommitentry" WHERE "id"=22799473113568837
DELETE FROM "system$autocommitentry" WHERE "id"=22799473113568838
DELETE FROM "system$autocommitentry" WHERE "id"=22799473113568839
DELETE FROM "system$autocommitentry" WHERE "id"=22799473113568840
DELETE FROM "system$autocommitentry" WHERE "id"=22799473113568843
DELETE FROM "system$autocommitentry" WHERE "id"=22799473113568846
DELETE FROM "system$autocommitentry" WHERE "id"=22799473113568841
DELETE FROM "system$autocommitentry" WHERE "id"=22799473113568844
COMMIT
DELETE FROM "rapidlease$invoice" WHERE "id"=65865144550294005
DELETE FROM "rapidlease$invoice" WHERE "id"=65865144550294006
DELETE FROM "rapidlease$invoice_generalledger" WHERE "rapidlease$invoiceid"=65865144550294005 AND "financials$generalledgerid"=60798594969505109
DELETE FROM "rapidlease$invoice_generalledger" WHERE "rapidlease$invoiceid"=65865144550294006 AND "financials$generalledgerid"=60798594969505113
COMMIT
DELETE FROM "financials$generalledger" WHERE "id"=60798594969505110
DELETE FROM "financials$generalledger_generalledger" WHERE "financials$generalledgerid1"=60798594969505110 AND "financials$generalledgerid2"=60798594969505109
DELETE FROM "financials$generalledger" WHERE "id"=60798594969505114
DELETE FROM "financials$generalledger_generalledger" WHERE "financials$generalledgerid1"=60798594969505114 AND "financials$generalledgerid2"=60798594969505113
DELETE FROM "financials$generalledger" WHERE "id"=60798594969505103
DELETE FROM "financials$generalledger" WHERE "id"=60798594969505109
DELETE FROM "financials$generalledger" WHERE "id"=60798594969505113
DELETE FROM "financials$credits_debits_generalledger" WHERE "financials$credits_debitsid"=66428094503714918 AND "financials$generalledgerid"=60798594969505103
COMMIT
/*C108*/DELETE FROM "system$xasinstance" WHERE "id"=844424930142869
INSERT INTO "system$xasinstance" VALUES(844424930142869,'823a6e91-42d2-4ef9-a283-3180cafa6b69','2021-11-22 04:18:47.938000','2021-11-22 07:14:05.090000',NULL,NULL,NULL)
COMMIT
/*C116*/SET SCHEMA PUBLIC
DISCONNECT
/*C115*/SET SCHEMA PUBLIC
DISCONNECT
/*C104*/DISCONNECT
/*C114*/DELETE FROM "system$xasinstance" WHERE "id"=844424930142869
INSERT INTO "system$xasinstance" VALUES(844424930142869,'823a6e91-42d2-4ef9-a283-3180cafa6b69','2021-11-22 04:18:47.938000','2021-11-22 07:19:05.105000',NULL,NULL,NULL)
COMMIT
/*C112*/DISCONNECT
/*C114*/DELETE FROM "system$xasinstance" WHERE "id"=844424930142869
INSERT INTO "system$xasinstance" VALUES(844424930142869,'823a6e91-42d2-4ef9-a283-3180cafa6b69','2021-11-22 04:18:47.938000','2021-11-22 07:24:05.123000',NULL,NULL,NULL)
COMMIT
