/*C61*/SET SCHEMA PUBLIC
DELETE FROM "mendixsystem$version" WHERE "versionnumber"='4.2'
INSERT INTO "mendixsystem$version" VALUES('4.2','2021-11-17 11:50:59.366000','4.1.0','unversioned','RapidLease','9.3.0.22930')
COMMIT
/*C62*/SET SCHEMA PUBLIC
DELETE FROM "mendixsystem$entityidentifier" WHERE "id"='d4154981-8dac-4150-aec5-efa3ef62a7a2'
INSERT INTO "mendixsystem$entityidentifier" VALUES('d4154981-8dac-4150-aec5-efa3ef62a7a2',3,19801)
COMMIT
INSERT INTO "system$xasinstance" VALUES(844424930151669,'4fbd462f-84ef-477e-a77c-3f5384d4320c','2021-11-17 10:24:25.854000','2021-11-17 10:24:25.883000',NULL,NULL,NULL)
COMMIT
DELETE FROM "system$userrole" WHERE "id"=26740122787512325
INSERT INTO "system$userrole" VALUES(26740122787512325,'80c411d3-12d1-4267-ad4c-57724881b7b2','','Vendor')
DELETE FROM "system$userrole" WHERE "id"=26740122787512322
INSERT INTO "system$userrole" VALUES(26740122787512322,'8dd52bfa-6d7e-453b-b506-303c0a3d9567','','Administrator')
DELETE FROM "system$userrole" WHERE "id"=26740122787512422
INSERT INTO "system$userrole" VALUES(26740122787512422,'8cd36167-9de8-43bc-9cd2-be56f9f38139','','Manager')
DELETE FROM "system$userrole" WHERE "id"=26740122787512326
INSERT INTO "system$userrole" VALUES(26740122787512326,'65759cb9-70b1-42d4-984d-41a2edbab391','','RentalOwner')
DELETE FROM "system$userrole" WHERE "id"=26740122787512321
INSERT INTO "system$userrole" VALUES(26740122787512321,'36b17a04-6cc5-45a9-8254-952c14c08687','','Tenant')
DELETE FROM "system$userrole" WHERE "id"=26740122787512324
INSERT INTO "system$userrole" VALUES(26740122787512324,'99ba5299-9678-40b4-aa63-b69d1f0ee39a','','PropertyManager')
DELETE FROM "system$userrole" WHERE "id"=26740122787512323
INSERT INTO "system$userrole" VALUES(26740122787512323,'53f5d6fa-6da9-4a71-b011-454ec052cce8','','User')
DELETE FROM "system$userrole" WHERE "id"=26740122787512421
INSERT INTO "system$userrole" VALUES(26740122787512421,'643e95b2-000c-481c-a60d-f5a70f1802ad','','LeasingAgent')
COMMIT
/*C63*/SET SCHEMA PUBLIC
DELETE FROM "system$user" WHERE "id"=27584547717644289
INSERT INTO "system$user" VALUES(27584547717644289,'2021-09-28 04:25:02.096000',TRUE,'2021-09-28 04:25:02.096000',NULL,FALSE,FALSE,0,FALSE,'demo_administrator','{BCrypt}$2a$10$az7VF0XmcPvbdGw./pKJsO6VTKntEoPYYx0W2ufuzFhQrazMrpRYq','Administration.Account',NULL,27584547717644289)
COMMIT
/*C66*/SET SCHEMA PUBLIC
DELETE FROM "system$user" WHERE "id"=27584547717644290
INSERT INTO "system$user" VALUES(27584547717644290,'2021-09-28 04:25:02.217000',TRUE,'2021-09-28 04:25:02.217000',NULL,FALSE,FALSE,0,FALSE,'demo_user','{BCrypt}$2a$10$SdlEetn0DyZ2gvlpCcnm8.OepIYc0wDv/cS2TtsNoECEkmtgNL5f6','Administration.Account',NULL,27584547717644290)
COMMIT
DELETE FROM "mendixsystem$properties" WHERE "key"='Mendix.Runtime.DeploymentID'
INSERT INTO "mendixsystem$properties" VALUES('Mendix.Runtime.DeploymentID','637727611681243418')
COMMIT
DELETE FROM "system$session" WHERE "id"=22236523160159226
DELETE FROM "system$session_user" WHERE "system$sessionid"=22236523160159226 AND "system$userid"=562949953436114
COMMIT
/*C64*/SET SCHEMA PUBLIC
DELETE FROM "system$xasinstance" WHERE "id"=844424930151669
INSERT INTO "system$xasinstance" VALUES(844424930151669,'4fbd462f-84ef-477e-a77c-3f5384d4320c','2021-11-17 10:24:25.854000','2021-11-17 10:24:33.747000',NULL,NULL,NULL)
COMMIT
DELETE FROM "system$user" WHERE "id"=562949953421313
INSERT INTO "system$user" VALUES(562949953421313,'2021-09-28 04:25:02.738000',TRUE,'2021-09-28 04:25:02.738000','2021-11-10 07:28:53.521000',FALSE,FALSE,0,FALSE,'MxAdmin','{BCrypt}$2a$10$9Gn.hSh6kEq2kJP/SHrOYeUui00xISgB7.CFPtbMstB8nqhGC.6su','System.User',NULL,562949953421313)
COMMIT
DELETE FROM "system$xasinstance" WHERE "id"=844424930151569
COMMIT
/*C65*/SET SCHEMA PUBLIC
DELETE FROM "system$xasinstance" WHERE "id"=844424930151669
INSERT INTO "system$xasinstance" VALUES(844424930151669,'4fbd462f-84ef-477e-a77c-3f5384d4320c','2021-11-17 10:24:25.854000','2021-11-17 10:29:33.900000',NULL,NULL,NULL)
COMMIT
/*C61*/DISCONNECT
/*C65*/DELETE FROM "system$xasinstance" WHERE "id"=844424930151669
INSERT INTO "system$xasinstance" VALUES(844424930151669,'4fbd462f-84ef-477e-a77c-3f5384d4320c','2021-11-17 10:24:25.854000','2021-11-17 10:34:33.930000',NULL,NULL,NULL)
COMMIT
/*C64*/DISCONNECT
/*C67*/SET SCHEMA PUBLIC
DISCONNECT
/*C65*/DELETE FROM "system$xasinstance" WHERE "id"=844424930151669
INSERT INTO "system$xasinstance" VALUES(844424930151669,'4fbd462f-84ef-477e-a77c-3f5384d4320c','2021-11-17 10:24:25.854000','2021-11-17 10:39:33.955000',NULL,NULL,NULL)
COMMIT
/*C68*/SET SCHEMA PUBLIC
DISCONNECT
/*C63*/DELETE FROM "system$xasinstance" WHERE "id"=844424930151669
INSERT INTO "system$xasinstance" VALUES(844424930151669,'4fbd462f-84ef-477e-a77c-3f5384d4320c','2021-11-17 10:24:25.854000','2021-11-17 10:44:33.977000',NULL,NULL,NULL)
COMMIT
/*C65*/DELETE FROM "system$xasinstance" WHERE "id"=844424930151669
INSERT INTO "system$xasinstance" VALUES(844424930151669,'4fbd462f-84ef-477e-a77c-3f5384d4320c','2021-11-17 10:24:25.854000','2021-11-17 10:49:33.988000',NULL,NULL,NULL)
COMMIT
